<?xml version="1.0" encoding="UTF-8"?>
<testExecutions version="1">
  <file path="/Users/tailine/Documents/Thoughtworks/carango-bom-base/src/pages/Home/Home.test.js">
    <testCase name="&lt;Home /&gt; render correctly" duration="112"/>
    <testCase name="&lt;Home /&gt; should have a link to veicules and login pages" duration="32"/>
  </file>
</testExecutions>